<?xml version="1.0" encoding="UTF-8"?>
<testsuite name="MoodAnalyzerTest" tests="1" skipped="0" failures="0" errors="0" timestamp="2019-11-25T05:29:02" hostname="admin105-desktop" time="0.001">
  <properties/>
  <testcase name="giveNullMood_shouldReturnHappy" classname="MoodAnalyzerTest" time="0.001"/>
  <system-out><![CDATA[]]></system-out>
  <system-err><![CDATA[]]></system-err>
</testsuite>
