<?xml version="1.0" encoding="UTF-8"?>
<testsuite name="MoodAnalyzerTest" tests="6" skipped="0" failures="0" errors="0" timestamp="2019-11-25T11:00:14" hostname="admin105-desktop" time="0.007">
  <properties/>
  <testcase name="giveNullMood_shouldReturnHappy" classname="MoodAnalyzerTest" time="0.004"/>
  <testcase name="givenMoodAnalyzerObject_whenProper_shouleReturnObject" classname="MoodAnalyzerTest" time="0.0"/>
  <testcase name="givenMessage_WhenHappy_shouldReturnHappy" classname="MoodAnalyzerTest" time="0.0"/>
  <testcase name="count" classname="MoodAnalyzerTest" time="0.001"/>
  <testcase name="checkEqualObject" classname="MoodAnalyzerTest" time="0.0"/>
  <testcase name="givenMessage_whenSad_shouldReturnSad" classname="MoodAnalyzerTest" time="0.0"/>
  <system-out><![CDATA[]]></system-out>
  <system-err><![CDATA[]]></system-err>
</testsuite>
