<?xml version="1.0" encoding="UTF-8"?>
<testsuite name="MoodAnalyzerTest" tests="1" skipped="0" failures="0" errors="0" timestamp="2019-11-25T08:11:52" hostname="admin105-desktop" time="12.518">
  <properties/>
  <testcase name="checkEqualObject" classname="MoodAnalyzerTest" time="12.518"/>
  <system-out><![CDATA[]]></system-out>
  <system-err><![CDATA[]]></system-err>
</testsuite>
